\BOOKMARK [0][-]{section*.4}{Abstract}{}% 1
\BOOKMARK [0][-]{Table of Contents.0}{Table of Contents}{}% 2
\BOOKMARK [0][-]{chapter.1}{Introduction}{}% 3
\BOOKMARK [1][-]{section.1.1}{Methodology}{chapter.1}% 4
\BOOKMARK [0][-]{chapter.2}{SPH Formulations}{}% 5
\BOOKMARK [0][-]{chapter.3}{Physical Foundations of Multiphase flows}{}% 6
\BOOKMARK [1][-]{section.3.1}{Introduction}{chapter.3}% 7
\BOOKMARK [1][-]{section.3.2}{Interface Tracking Techniques}{chapter.3}% 8
\BOOKMARK [1][-]{section.3.3}{The Continuum Surface Force Method}{chapter.3}% 9
\BOOKMARK [0][-]{chapter.4}{SPH formulations}{}% 10
\BOOKMARK [1][-]{section.4.1}{Density}{chapter.4}% 11
\BOOKMARK [1][-]{section.4.2}{Equation of State}{chapter.4}% 12
\BOOKMARK [1][-]{section.4.3}{Forces}{chapter.4}% 13
\BOOKMARK [2][-]{subsection.4.3.1}{Pressure Forces}{section.4.3}% 14
\BOOKMARK [2][-]{subsection.4.3.2}{Viscous Forces}{section.4.3}% 15
\BOOKMARK [2][-]{subsection.4.3.3}{Surface Tension Forces}{section.4.3}% 16
\BOOKMARK [0][-]{chapter.5}{Implementation}{}% 17
\BOOKMARK [0][-]{chapter.6}{Results and Discussions}{}% 18
\BOOKMARK [1][-]{section.6.1}{Stability of an Interface: Problem Statement}{chapter.6}% 19
\BOOKMARK [1][-]{section.6.2}{Results}{chapter.6}% 20
\BOOKMARK [1][-]{section.6.3}{Discussions}{chapter.6}% 21
\BOOKMARK [0][-]{appendix.A}{Supporting Material}{}% 22
\BOOKMARK [0][-]{section*.11}{References}{}% 23
\BOOKMARK [0][-]{section*.13}{List of Publications}{}% 24
\BOOKMARK [0][-]{section*.15}{Acknowledgements}{}% 25
\BOOKMARK [0][-]{colophon.0}{Colophon}{}% 26
